[debug] [2017-09-20T15:51:31.003Z] ----------------------------------------------------------------------
[debug] [2017-09-20T15:51:31.008Z] Command:       C:\Program Files\nodejs\node.exe C:\Users\hello motherfucker\AppData\Roaming\npm\node_modules\firebase-tools\bin\firebase deploy
[debug] [2017-09-20T15:51:31.009Z] CLI Version:   3.12.0
[debug] [2017-09-20T15:51:31.009Z] Platform:      win32
[debug] [2017-09-20T15:51:31.009Z] Node Version:  v6.11.3
[debug] [2017-09-20T15:51:31.010Z] Time:          Wed Sep 20 2017 18:51:31 GMT+0300 (RTZ 2 (зима))
[debug] [2017-09-20T15:51:31.010Z] ----------------------------------------------------------------------
[debug] 
[debug] [2017-09-20T15:51:31.037Z] > command requires scopes: ["email","openid","https://www.googleapis.com/auth/cloudplatformprojects.readonly","https://www.googleapis.com/auth/firebase","https://www.googleapis.com/auth/cloud-platform"]
[debug] [2017-09-20T15:51:31.038Z] > authorizing via signed-in user
[debug] [2017-09-20T15:51:31.042Z] >>> HTTP REQUEST GET https://admin.firebase.com/v1/projects/ank-revenue  
 Wed Sep 20 2017 18:51:31 GMT+0300 (RTZ 2 (зима))
[debug] [2017-09-20T15:51:31.865Z] <<< HTTP RESPONSE 200
[debug] [2017-09-20T15:51:31.866Z] >>> HTTP REQUEST GET https://admin.firebase.com/v1/database/ank-revenue/tokens  
 Wed Sep 20 2017 18:51:31 GMT+0300 (RTZ 2 (зима))
[debug] [2017-09-20T15:51:32.623Z] <<< HTTP RESPONSE 200
[info] 
[info] === Deploying to 'ank-revenue'...
[info] 
[info] i  deploying database, functions, hosting
[info] +  database: rules ready to deploy.
[debug] [2017-09-20T15:51:37.826Z] > [functions] package.json contents: {
  "name": "functions",
  "description": "Cloud Functions for Firebase",
  "dependencies": {
    "firebase-admin": "~5.2.1",
    "firebase-functions": "^0.6.2"
  },
  "private": true
}
[info] i  functions: ensuring necessary APIs are enabled...
[info] i  runtimeconfig: ensuring necessary APIs are enabled...
[debug] [2017-09-20T15:51:37.830Z] >>> HTTP REQUEST GET https://servicemanagement.googleapis.com/v1/services/cloudfunctions.googleapis.com/projectSettings/ank-revenue?view=CONSUMER_VIEW  
 Wed Sep 20 2017 18:51:37 GMT+0300 (RTZ 2 (зима))
[debug] [2017-09-20T15:51:37.831Z] >>> HTTP REQUEST GET https://servicemanagement.googleapis.com/v1/services/runtimeconfig.googleapis.com/projectSettings/ank-revenue?view=CONSUMER_VIEW  
 Wed Sep 20 2017 18:51:37 GMT+0300 (RTZ 2 (зима))
[debug] [2017-09-20T15:51:39.139Z] <<< HTTP RESPONSE 200
[info] +  runtimeconfig: all necessary APIs are enabled
[debug] [2017-09-20T15:51:39.180Z] <<< HTTP RESPONSE 200
[info] +  functions: all necessary APIs are enabled
[debug] [2017-09-20T15:51:39.182Z] >>> HTTP REQUEST GET https://appengine.googleapis.com/v1/apps/ank-revenue  
 Wed Sep 20 2017 18:51:39 GMT+0300 (RTZ 2 (зима))
[debug] [2017-09-20T15:51:39.183Z] >>> HTTP REQUEST GET https://apikeys.googleapis.com/v1/projects/ank-revenue/apiKeys  
 Wed Sep 20 2017 18:51:39 GMT+0300 (RTZ 2 (зима))
[debug] [2017-09-20T15:51:40.203Z] <<< HTTP RESPONSE 200
[debug] [2017-09-20T15:51:40.228Z] <<< HTTP RESPONSE 200
[info] i  functions: preparing functions directory for uploading...
[debug] [2017-09-20T15:51:48.962Z] >>> HTTP REQUEST GET https://runtimeconfig.googleapis.com/v1beta1/projects/ank-revenue/configs  
 Wed Sep 20 2017 18:51:48 GMT+0300 (RTZ 2 (зима))
[debug] [2017-09-20T15:51:49.955Z] <<< HTTP RESPONSE 200
[info] i  hosting: preparing dist directory for upload...
[debug] [2017-09-20T15:51:52.572Z] >>> HTTP REQUEST PUT https://deploy.firebase.com/v1/hosting/ank-revenue/uploads/-KuUzC9mr60PDePIzKlJ?fileCount=16&message=  
 Wed Sep 20 2017 18:51:52 GMT+0300 (RTZ 2 (зима))
[debug] [2017-09-20T15:53:29.765Z] <<< HTTP RESPONSE 409
[debug] [2017-09-20T15:53:29.773Z] <<< HTTP RESPONSE BODY undefined
[debug] [2017-09-20T15:53:29.779Z] TypeError: Cannot read property 'error' of undefined
    at module.exports (C:\Users\hello motherfucker\AppData\Roaming\npm\node_modules\firebase-tools\lib\responseToError.js:10:12)
    at Request._callback (C:\Users\hello motherfucker\AppData\Roaming\npm\node_modules\firebase-tools\lib\api.js:43:25)
    at Request.self.callback (C:\Users\hello motherfucker\AppData\Roaming\npm\node_modules\firebase-tools\node_modules\request\request.js:186:22)
    at emitTwo (events.js:106:13)
    at Request.emit (events.js:191:7)
    at Request.<anonymous> (C:\Users\hello motherfucker\AppData\Roaming\npm\node_modules\firebase-tools\node_modules\request\request.js:1163:10)
    at emitOne (events.js:96:13)
    at Request.emit (events.js:188:7)
    at IncomingMessage.<anonymous> (C:\Users\hello motherfucker\AppData\Roaming\npm\node_modules\firebase-tools\node_modules\request\request.js:1085:12)
    at IncomingMessage.g (events.js:292:16)
[error] 
[error] Error: An unexpected error has occurred.
